0 info it worked if it ends with ok
1 verbose cli [ 'node', '/usr/local/bin/npm', 'install', 'iamgemagick' ]
2 info using npm@1.4.28
3 info using node@v0.10.32
4 verbose readDependencies using package.json deps
5 verbose cache add [ 'iamgemagick', null ]
6 verbose cache add name=undefined spec="iamgemagick" args=["iamgemagick",null]
7 verbose parsed url { protocol: null,
7 verbose parsed url   slashes: null,
7 verbose parsed url   auth: null,
7 verbose parsed url   host: null,
7 verbose parsed url   port: null,
7 verbose parsed url   hostname: null,
7 verbose parsed url   hash: null,
7 verbose parsed url   search: null,
7 verbose parsed url   query: null,
7 verbose parsed url   pathname: 'iamgemagick',
7 verbose parsed url   path: 'iamgemagick',
7 verbose parsed url   href: 'iamgemagick' }
8 silly lockFile d271a48e-iamgemagick iamgemagick
9 verbose lock iamgemagick /Users/Jim/.npm/d271a48e-iamgemagick.lock
10 silly lockFile d271a48e-iamgemagick iamgemagick
11 silly lockFile d271a48e-iamgemagick iamgemagick
12 verbose addNamed [ 'iamgemagick', '' ]
13 verbose addNamed [ null, '*' ]
14 silly lockFile 28ccf647-iamgemagick iamgemagick@
15 verbose lock iamgemagick@ /Users/Jim/.npm/28ccf647-iamgemagick.lock
16 silly addNameRange { name: 'iamgemagick', range: '*', hasData: false }
17 verbose request where is /iamgemagick
18 verbose request registry https://registry.npmjs.org/
19 verbose request id 6686ed44c2616648
20 verbose url raw /iamgemagick
21 verbose url resolving [ 'https://registry.npmjs.org/', './iamgemagick' ]
22 verbose url resolved https://registry.npmjs.org/iamgemagick
23 verbose request where is https://registry.npmjs.org/iamgemagick
24 info trying registry request attempt 1 at 19:07:50
25 http GET https://registry.npmjs.org/iamgemagick
26 http 404 https://registry.npmjs.org/iamgemagick
27 verbose headers { server: 'CouchDB/1.5.0 (Erlang OTP/R16B03)',
27 verbose headers   'content-type': 'application/json',
27 verbose headers   'cache-control': 'max-age=0',
27 verbose headers   'content-length': '51',
27 verbose headers   'accept-ranges': 'bytes',
27 verbose headers   date: 'Mon, 03 Aug 2015 02:07:51 GMT',
27 verbose headers   via: '1.1 varnish',
27 verbose headers   age: '0',
27 verbose headers   connection: 'keep-alive',
27 verbose headers   'x-served-by': 'cache-lax1431-LAX',
27 verbose headers   'x-cache': 'MISS',
27 verbose headers   'x-cache-hits': '0',
27 verbose headers   'x-timer': 'S1438567671.197833,VS0,VE46' }
28 silly registry.get cb [ 404,
28 silly registry.get   { server: 'CouchDB/1.5.0 (Erlang OTP/R16B03)',
28 silly registry.get     'content-type': 'application/json',
28 silly registry.get     'cache-control': 'max-age=0',
28 silly registry.get     'content-length': '51',
28 silly registry.get     'accept-ranges': 'bytes',
28 silly registry.get     date: 'Mon, 03 Aug 2015 02:07:51 GMT',
28 silly registry.get     via: '1.1 varnish',
28 silly registry.get     age: '0',
28 silly registry.get     connection: 'keep-alive',
28 silly registry.get     'x-served-by': 'cache-lax1431-LAX',
28 silly registry.get     'x-cache': 'MISS',
28 silly registry.get     'x-cache-hits': '0',
28 silly registry.get     'x-timer': 'S1438567671.197833,VS0,VE46' } ]
29 silly lockFile 28ccf647-iamgemagick iamgemagick@
30 silly lockFile 28ccf647-iamgemagick iamgemagick@
31 error 404 404 Not Found: iamgemagick
31 error 404
31 error 404 'iamgemagick' is not in the npm registry.
31 error 404 You should bug the author to publish it
31 error 404 It was specified as a dependency of 'kandi-backend-tag'
31 error 404
31 error 404 Note that you can also install from a
31 error 404 tarball, folder, or http url, or git url.
32 error System Darwin 14.0.0
33 error command "node" "/usr/local/bin/npm" "install" "iamgemagick"
34 error cwd /Users/Jim/Development/kandi-servers-node
35 error node -v v0.10.32
36 error npm -v 1.4.28
37 error code E404
38 verbose exit [ 1, true ]
